{
  "0 debug pnpm:scope": {
    "selected": 1,
    "workspacePrefix": "/home/alec/dv/houdini/houdini"
  },
  "1 error pnpm": {
    "errno": 1,
    "code": "ELIFECYCLE",
    "pkgid": "houdini@0.16.6",
    "stage": "build",
    "script": "turbo build",
    "pkgname": "houdini",
    "err": {
      "name": "pnpm",
      "message": "houdini@0.16.6 build: `turbo build`\nExit status 1",
      "code": "ELIFECYCLE",
      "stack": "pnpm: houdini@0.16.6 build: `turbo build`\nExit status 1\n    at EventEmitter.<anonymous> (/home/alec/.nvm/versions/node/v16.13.0/lib/node_modules/pnpm/dist/pnpm.cjs:105659:20)\n    at EventEmitter.emit (node:events:390:28)\n    at ChildProcess.<anonymous> (/home/alec/.nvm/versions/node/v16.13.0/lib/node_modules/pnpm/dist/pnpm.cjs:92207:18)\n    at ChildProcess.emit (node:events:390:28)\n    at maybeClose (node:internal/child_process:1064:16)\n    at Process.ChildProcess._handle.onexit (node:internal/child_process:301:5)"
    }
  }
}